<?xml version="1.0" encoding="UTF-8"?>
<testng-results ignored="0" total="1" passed="1" failed="0" skipped="0">
  <reporter-output>
  </reporter-output>
  <suite started-at="2024-09-04T21:06:35 IST" name="Suite" finished-at="2024-09-04T21:06:35 IST" duration-ms="78">
    <groups>
    </groups>
    <test started-at="2024-09-04T21:06:35 IST" name="Test" finished-at="2024-09-04T21:06:35 IST" duration-ms="78">
      <class name="TestNG.TestNg.Test1">
        <test-method signature="test()[pri:0, instance:TestNG.TestNg.Test1@76908cc0]" started-at="2024-09-04T21:06:35 IST" name="test" finished-at="2024-09-04T21:06:35 IST" duration-ms="18" status="PASS">
          <reporter-output>
          </reporter-output>
        </test-method> <!-- test -->
      </class> <!-- TestNG.TestNg.Test1 -->
    </test> <!-- Test -->
  </suite> <!-- Suite -->
</testng-results>
